#
# There is insufficient memory for the Java Runtime Environment to continue.
# Native memory allocation (mmap) failed to map 130023424 bytes for G1 virtual space
# Possible reasons:
#   The system is out of physical RAM or swap space
#   The process is running with CompressedOops enabled, and the Java Heap may be blocking the growth of the native heap
# Possible solutions:
#   Reduce memory load on the system
#   Increase physical memory or swap space
#   Check if swap backing store is full
#   Decrease Java heap size (-Xmx/-Xms)
#   Decrease number of Java threads
#   Decrease Java thread stack sizes (-Xss)
#   Set larger code cache with -XX:ReservedCodeCacheSize=
#   JVM is running with Unscaled Compressed Oops mode in which the Java heap is
#     placed in the first 4GB address space. The Java Heap base address is the
#     maximum limit for the native heap growth. Please use -XX:HeapBaseMinAddress
#     to set the Java Heap base and to place the Java Heap above 4GB virtual address.
# This output file may be truncated or incomplete.
#
#  Out of Memory Error (os_windows.cpp:3600), pid=7484, tid=11488
#
# JRE version:  (21.0.3+7) (build )
# Java VM: Java HotSpot(TM) 64-Bit Server VM (21.0.3+7-LTS-152, mixed mode, sharing, tiered, compressed oops, compressed class ptrs, g1 gc, windows-amd64)
# No core dump will be written. Minidumps are not enabled by default on client versions of Windows
#

---------------  S U M M A R Y ------------

Command Line: -Dclassworlds.conf=C:\Program Files\NetBeans-15\netbeans\java\maven\bin\m2.conf -Dmaven.home=C:\Program Files\NetBeans-15\netbeans\java\maven -Dlibrary.jansi.path=C:\Program Files\NetBeans-15\netbeans\java\maven\lib\jansi-native -Dmaven.multiModuleProjectDirectory=C:\Users\Camil\Desktop\Faculdade 2024\POO\API_Books org.codehaus.plexus.classworlds.launcher.Launcher -Dexec.vmArgs= -Dexec.args=${exec.vmArgs} -classpath %classpath ${exec.mainClass} ${exec.appArgs} -Dexec.appArgs= -Dexec.mainClass=cch_books.view.Tela_Inicial -Dexec.executable=C:\Program Files\Java\jdk-21\bin\java.exe -Dmaven.ext.class.path=C:\Program Files\NetBeans-15\netbeans\java\maven-nblib\netbeans-eventspy.jar org.codehaus.mojo:exec-maven-plugin:3.0.0:exec

Host: Intel(R) Core(TM) i5-1035G1 CPU @ 1.00GHz, 8 cores, 7G,  Windows 11 , 64 bit Build 22621 (10.0.22621.3672)
Time: Sat Jun 15 21:22:46 2024 Hora oficial do Brasil elapsed time: 0.048923 seconds (0d 0h 0m 0s)

---------------  T H R E A D  ---------------

Current thread (0x000002e5fd022b00):  JavaThread "Unknown thread" [_thread_in_vm, id=11488, stack(0x000000fc16100000,0x000000fc16200000) (1024K)]

Stack: [0x000000fc16100000,0x000000fc16200000]
Native frames: (J=compiled Java code, j=interpreted, Vv=VM code, C=native code)
V  [jvm.dll+0x6c63b9]
V  [jvm.dll+0x84fa11]
V  [jvm.dll+0x851f3e]
V  [jvm.dll+0x852613]
V  [jvm.dll+0x27cd46]
V  [jvm.dll+0x6c2b55]
V  [jvm.dll+0x6b76da]
V  [jvm.dll+0x35051a]
V  [jvm.dll+0x358176]
V  [jvm.dll+0x3aa84e]
V  [jvm.dll+0x3aaaf8]
V  [jvm.dll+0x32491c]
V  [jvm.dll+0x32547b]
V  [jvm.dll+0x818f69]
V  [jvm.dll+0x3b7771]
V  [jvm.dll+0x802358]
V  [jvm.dll+0x44c7ce]
V  [jvm.dll+0x44e2a1]
C  [jli.dll+0x52a3]
C  [ucrtbase.dll+0x29333]
C  [KERNEL32.DLL+0x1257d]
C  [ntdll.dll+0x5af28]


---------------  P R O C E S S  ---------------

Threads class SMR info:
_java_thread_list=0x00007ff9f79a1b88, length=0, elements={
}

Java Threads: ( => current thread )
Total: 0

Other Threads:
  0x000002e5ff301cb0 WorkerThread "GC Thread#0"                     [id=16724, stack(0x000000fc16200000,0x000000fc16300000) (1024K)]
  0x000002e5ff312640 ConcurrentGCThread "G1 Main Marker"            [id=20104, stack(0x000000fc16300000,0x000000fc16400000) (1024K)]
  0x000002e5ff313140 WorkerThread "G1 Conc#0"                       [id=4628, stack(0x000000fc16400000,0x000000fc16500000) (1024K)]

[error occurred during error reporting (printing all threads), id 0xc0000005, EXCEPTION_ACCESS_VIOLATION (0xc0000005) at pc=0x00007ff9f7117077]
VM state: not at safepoint (not fully initialized)

VM Mutex/Monitor currently owned by a thread:  ([mutex/lock_event])
[0x00007ff9f7a12ea8] Heap_lock - owner thread: 0x000002e5fd022b00

Heap address: 0x0000000084000000, size: 1984 MB, Compressed Oops mode: 32-bit

CDS archive(s) mapped at: [0x0000000000000000-0x0000000000000000-0x0000000000000000), size 0, SharedBaseAddress: 0x0000000800000000, ArchiveRelocationMode: 1.
Narrow klass base: 0x0000000000000000, Narrow klass shift: 0, Narrow klass range: 0x0

GC Precious Log:
 CardTable entry size: 512
 Card Set container configuration: InlinePtr #cards 5 size 8 Array Of Cards #cards 12 size 40 Howl #buckets 4 coarsen threshold 1843 Howl Bitmap #cards 512 size 80 coarsen threshold 460 Card regions per heap region 1 cards per card region 2048

Heap:
 garbage-first heap   total 0K, used 0K [0x0000000084000000, 0x0000000100000000)
  region size 1024K, 0 young (0K), 0 survivors (0K)

[error occurred during error reporting (printing heap information), id 0xc0000005, EXCEPTION_ACCESS_VIOLATION (0xc0000005) at pc=0x00007ff9f74fe669]
GC Heap History (0 events):
No events

Dll operation events (1 events):
Event: 0.026 Loaded shared library C:\Program Files\Java\jdk-21\bin\java.dll

Deoptimization events (0 events):
No events

Classes loaded (0 events):
No events

Classes unloaded (0 events):
No events

Classes redefined (0 events):
No events

Internal exceptions (0 events):
No events

ZGC Phase Switch (0 events):
No events

VM Operations (0 events):
No events

Events (0 events):
No events


Dynamic libraries:
0x00007ff6002c0000 - 0x00007ff6002d0000 	C:\Program Files\Java\jdk-21\bin\java.exe
0x00007ffa9ca70000 - 0x00007ffa9cc87000 	C:\WINDOWS\SYSTEM32\ntdll.dll
0x00007ffa9b5b0000 - 0x00007ffa9b674000 	C:\WINDOWS\System32\KERNEL32.DLL
0x00007ffa9a0a0000 - 0x00007ffa9a44c000 	C:\WINDOWS\System32\KERNELBASE.dll
0x00007ffa9a500000 - 0x00007ffa9a611000 	C:\WINDOWS\System32\ucrtbase.dll
0x00007ffa570b0000 - 0x00007ffa570cb000 	C:\Program Files\Java\jdk-21\bin\VCRUNTIME140.dll
0x00007ffa654b0000 - 0x00007ffa654c9000 	C:\Program Files\Java\jdk-21\bin\jli.dll
0x00007ffa9a7b0000 - 0x00007ffa9a862000 	C:\WINDOWS\System32\ADVAPI32.dll
0x00007ffa9b3c0000 - 0x00007ffa9b467000 	C:\WINDOWS\System32\msvcrt.dll
0x00007ffa9b490000 - 0x00007ffa9b53a000 	C:\WINDOWS\System32\sechost.dll
0x00007ffa99fb0000 - 0x00007ffa99fd8000 	C:\WINDOWS\System32\bcrypt.dll
0x00007ffa9c8e0000 - 0x00007ffa9c9f5000 	C:\WINDOWS\System32\RPCRT4.dll
0x00007ffa9b1f0000 - 0x00007ffa9b39e000 	C:\WINDOWS\System32\USER32.dll
0x00007ffa9a4d0000 - 0x00007ffa9a4f6000 	C:\WINDOWS\System32\win32u.dll
0x00007ffa9ca00000 - 0x00007ffa9ca29000 	C:\WINDOWS\System32\GDI32.dll
0x00007ffa9a690000 - 0x00007ffa9a7a9000 	C:\WINDOWS\System32\gdi32full.dll
0x00007ffa99da0000 - 0x00007ffa99e3a000 	C:\WINDOWS\System32\msvcp_win.dll
0x00007ffa86b50000 - 0x00007ffa86de3000 	C:\WINDOWS\WinSxS\amd64_microsoft.windows.common-controls_6595b64144ccf1df_6.0.22621.3672_none_2713b9d173822955\COMCTL32.dll
0x00007ffa91330000 - 0x00007ffa9133a000 	C:\WINDOWS\SYSTEM32\VERSION.dll
0x00007ffa9c7f0000 - 0x00007ffa9c821000 	C:\WINDOWS\System32\IMM32.DLL
0x00007ffa73d20000 - 0x00007ffa73d2c000 	C:\Program Files\Java\jdk-21\bin\vcruntime140_1.dll
0x00007ffa0a590000 - 0x00007ffa0a61e000 	C:\Program Files\Java\jdk-21\bin\msvcp140.dll
0x00007ff9f6de0000 - 0x00007ff9f7aed000 	C:\Program Files\Java\jdk-21\bin\server\jvm.dll
0x00007ffa9ac10000 - 0x00007ffa9ac81000 	C:\WINDOWS\System32\WS2_32.dll
0x00007ffa98bf0000 - 0x00007ffa98c3d000 	C:\WINDOWS\SYSTEM32\POWRPROF.dll
0x00007ffa955e0000 - 0x00007ffa95614000 	C:\WINDOWS\SYSTEM32\WINMM.dll
0x00007ffa98bd0000 - 0x00007ffa98be3000 	C:\WINDOWS\SYSTEM32\UMPDC.dll
0x00007ffa98e80000 - 0x00007ffa98e98000 	C:\WINDOWS\SYSTEM32\kernel.appcore.dll
0x00007ffa6c290000 - 0x00007ffa6c29a000 	C:\Program Files\Java\jdk-21\bin\jimage.dll
0x00007ffa975e0000 - 0x00007ffa97812000 	C:\WINDOWS\SYSTEM32\DBGHELP.DLL
0x00007ffa9bb00000 - 0x00007ffa9be88000 	C:\WINDOWS\System32\combase.dll
0x00007ffa9aa00000 - 0x00007ffa9aad7000 	C:\WINDOWS\System32\OLEAUT32.dll
0x00007ffa849c0000 - 0x00007ffa849f2000 	C:\WINDOWS\SYSTEM32\dbgcore.DLL
0x00007ffa9a450000 - 0x00007ffa9a4cb000 	C:\WINDOWS\System32\bcryptPrimitives.dll
0x00007ffa553f0000 - 0x00007ffa5540f000 	C:\Program Files\Java\jdk-21\bin\java.dll

dbghelp: loaded successfully - version: 4.0.5 - missing functions: none
symbol engine: initialized successfully - sym options: 0x614 - pdb path: .;C:\Program Files\Java\jdk-21\bin;C:\WINDOWS\SYSTEM32;C:\WINDOWS\WinSxS\amd64_microsoft.windows.common-controls_6595b64144ccf1df_6.0.22621.3672_none_2713b9d173822955;C:\Program Files\Java\jdk-21\bin\server

VM Arguments:
jvm_args: -Dclassworlds.conf=C:\Program Files\NetBeans-15\netbeans\java\maven\bin\m2.conf -Dmaven.home=C:\Program Files\NetBeans-15\netbeans\java\maven -Dlibrary.jansi.path=C:\Program Files\NetBeans-15\netbeans\java\maven\lib\jansi-native -Dmaven.multiModuleProjectDirectory=C:\Users\Camil\Desktop\Faculdade 2024\POO\API_Books 
java_command: org.codehaus.plexus.classworlds.launcher.Launcher -Dexec.vmArgs= -Dexec.args=${exec.vmArgs} -classpath %classpath ${exec.mainClass} ${exec.appArgs} -Dexec.appArgs= -Dexec.mainClass=cch_books.view.Tela_Inicial -Dexec.executable=C:\Program Files\Java\jdk-21\bin\java.exe -Dmaven.ext.class.path=C:\Program Files\NetBeans-15\netbeans\java\maven-nblib\netbeans-eventspy.jar org.codehaus.mojo:exec-maven-plugin:3.0.0:exec
java_class_path (initial): C:\Program Files\NetBeans-15\netbeans\java\maven\boot\plexus-classworlds-2.6.0.jar
Launcher Type: SUN_STANDARD

[Global flags]
     intx CICompilerCount                          = 4                                         {product} {ergonomic}
     uint ConcGCThreads                            = 2                                         {product} {ergonomic}
     uint G1ConcRefinementThreads                  = 8                                         {product} {ergonomic}
   size_t G1HeapRegionSize                         = 1048576                                   {product} {ergonomic}
    uintx GCDrainStackTargetSize                   = 64                                        {product} {ergonomic}
   size_t InitialHeapSize                          = 130023424                                 {product} {ergonomic}
   size_t MarkStackSize                            = 4194304                                   {product} {ergonomic}
   size_t MaxHeapSize                              = 2080374784                                {product} {ergonomic}
   size_t MinHeapDeltaBytes                        = 1048576                                   {product} {ergonomic}
   size_t MinHeapSize                              = 8388608                                   {product} {ergonomic}
    uintx NonNMethodCodeHeapSize                   = 5839372                                {pd product} {ergonomic}
    uintx NonProfiledCodeHeapSize                  = 122909434                              {pd product} {ergonomic}
    uintx ProfiledCodeHeapSize                     = 122909434                              {pd product} {ergonomic}
    uintx ReservedCodeCacheSize                    = 251658240                              {pd product} {ergonomic}
     bool SegmentedCodeCache                       = true                                      {product} {ergonomic}
   size_t SoftMaxHeapSize                          = 2080374784                             {manageable} {ergonomic}
     bool UseCompressedOops                        = true                           {product lp64_product} {ergonomic}
     bool UseG1GC                                  = true                                      {product} {ergonomic}
     bool UseLargePagesIndividualAllocation        = false                                  {pd product} {ergonomic}

Logging:
Log output configuration:
 #0: stdout all=warning uptime,level,tags foldmultilines=false
 #1: stderr all=off uptime,level,tags foldmultilines=false

Environment Variables:
JAVA_HOME=C:\Program Files\Java\jdk-21
PATH=C:\Program Files (x86)\Common Files\Oracle\Java\javapath;C:\Program Files\Common Files\Oracle\Java\javapath;C:\WINDOWS\system32;C:\WINDOWS;C:\WINDOWS\System32\Wbem;C:\WINDOWS\System32\WindowsPowerShell\v1.0\;C:\WINDOWS\System32\OpenSSH\;C:\Program Files\FPC\bin\i386-Win32;C:\MinGW\bin;C:\Program Files\Git\cmd;C:\Program Files (x86)\Microsoft SQL Server\160\Tools\Binn\;C:\Program Files\Microsoft SQL Server\160\Tools\Binn\;C:\Program Files\Microsoft SQL Server\Client SDK\ODBC\170\Tools\Binn\;C:\Program Files\Microsoft SQL Server\160\DTS\Binn\;C:\Program Files\Docker\Docker\resources\bin;%JAVA_HOME%\bin;C:\Maven\bin;C:\Program Files\Amazon\AWSCLIV2\;C:\Users\Camil\AppData\Roaming\nvm;C:\Program Files\nodejs;C:\Strawberry\c\bin;C:\Strawberry\perl\site\bin;C:\Strawberry\perl\bin;C:\Program Files\MySQL\MySQL Shell 8.0\bin\;C:\Users\Camil\AppData\Local\Programs\Python\Python311\Scripts\;C:\Users\Camil\AppData\Local\Programs\Python\Python311\;C:\Users\Camil\AppData\Local\Microsoft\WindowsApps;C:\Users\Camil\AppData\Local\Programs\Microsoft VS Code\bin;C:\Users\Camil\AppData\Local\GitHubDesktop\bin;C:\Users\Camil\AppData\Roaming\npm;C:\MinGW\bin;"PATH=C:\Program Files (x86)\Common Files\Oracle\Java\javapath;C:\Program Files\Common Files\Oracle\Java\javapath;C:\WINDOWS\system32;C:\WINDOWS;C:\WINDOWS\System32\Wbem;C:\WINDOWS\System32\WindowsPowerShell\v1.0\;C:\WINDOWS\System32\OpenSSH\;C:\Program Files\FPC\bin\i386-Win32;C:\MinGW\bin;C:\Program Files\Git\cmd;C:\Program Files (x86)\Microsoft SQL Server\160\Tools\Binn\;C:\Program Files\Microsoft SQL Server\160\Tools\Binn\;C:\Program Files\Microsoft SQL Server\Client SDK\ODBC\170\Tools\Binn\;C:\Program Files\Microsoft SQL Server\160\DTS\Binn\;C:\Program Files\Docker\Docker\resources\bin;%JAVA_HOME%\bin;C:\Maven\bin;C:\Program Files\Amazon\AWSCLIV2\;C:\Users\Camil\AppData\Roaming\nvm;C:\Program Files\nodejs;C:\Strawberry\c\bin;C:\Strawberry\perl\site\bin;C:\Strawberry\perl\bin;C:\Program Files\Java\jdk-21\bin";C:\Maven\bin;C:\Users\Camil\AppData\Roaming\nvm;C:\Program Files\nodejs;C:\Program Files\JetBrains\PyCharm 2024.1.1\bin;;C:\Program Files\Java\jdk-21;C:\Program Files\PostgreSQL\14\bin;
USERNAME=Camil
OS=Windows_NT
PROCESSOR_IDENTIFIER=Intel64 Family 6 Model 126 Stepping 5, GenuineIntel
TMP=C:\Users\Camil\AppData\Local\Temp
TEMP=C:\Users\Camil\AppData\Local\Temp




Periodic native trim disabled

---------------  S Y S T E M  ---------------

OS:
 Windows 11 , 64 bit Build 22621 (10.0.22621.3672)
OS uptime: 1 days 1:09 hours
Hyper-V role detected

CPU: total 8 (initial active 8) (4 cores per cpu, 2 threads per core) family 6 model 126 stepping 5 microcode 0xa0, cx8, cmov, fxsr, ht, mmx, 3dnowpref, sse, sse2, sse3, ssse3, sse4.1, sse4.2, popcnt, lzcnt, tsc, tscinvbit, avx, avx2, aes, erms, clmul, bmi1, bmi2, adx, avx512f, avx512dq, avx512cd, avx512bw, avx512vl, sha, fma, vzeroupper, avx512_vpopcntdq, avx512_vpclmulqdq, avx512_vaes, avx512_vnni, clflush, clflushopt, avx512_vbmi2, avx512_vbmi, hv, rdtscp, rdpid, fsrm, gfni, avx512_bitalg, f16c, avx512_ifma
Processor Information for all 8 processors :
  Max Mhz: 1201, Current Mhz: 1201, Mhz Limit: 1201

Memory: 4k page, system-wide physical 7930M (876M free)
TotalPageFile size 21320M (AvailPageFile size 13M)
current process WorkingSet (physical memory assigned to process): 11M, peak: 11M
current process commit charge ("private bytes"): 60M, peak: 184M

vm_info: Java HotSpot(TM) 64-Bit Server VM (21.0.3+7-LTS-152) for windows-amd64 JRE (21.0.3+7-LTS-152), built on 2024-03-11T17:42:26Z by "mach5one" with MS VC++ 17.6 (VS2022)

END.
